# JRE version: OpenJDK Runtime Environment (11.0.8) (build 11.0.8+0-b944-P17168821)
# Java VM: OpenJDK 64-Bit Server VM (11.0.8+0-b944-6842174, mixed mode, tiered, compressed oops, g1 gc, linux-amd64)
Heap:
 garbage-first heap   total 1117184K, used 117035K [0x0000000080000000, 0x0000000100000000)
  region size 1024K, 3 young (3072K), 3 survivors (3072K)
 Metaspace       used 128714K, capacity 132453K, committed 132644K, reserved 1165312K
  class space    used 15846K, capacity 17175K, committed 17280K, reserved 1048576K
GC Heap History (20 events):
Event: 10452.776 GC heap after
{Heap after GC invocations=126 (full 0):
 garbage-first heap   total 231424K, used 106757K [0x0000000080000000, 0x0000000100000000)
  region size 1024K, 2 young (2048K), 2 survivors (2048K)
 Metaspace       used 125567K, capacity 129028K, committed 129316K, reserved 1161216K
  class space    used 15503K, capacity 16724K, committed 16768K, reserved 1048576K
}
Event: 10456.326 GC heap before
{Heap before GC invocations=127 (full 0):
 garbage-first heap   total 231424K, used 115973K [0x0000000080000000, 0x0000000100000000)
  region size 1024K, 11 young (11264K), 2 survivors (2048K)
 Metaspace       used 126142K, capacity 129590K, committed 129828K, reserved 1163264K
  class space    used 15570K, capacity 16762K, committed 16768K, reserved 1048576K
}
Event: 10456.371 GC heap after
{Heap after GC invocations=128 (full 0):
 garbage-first heap   total 231424K, used 108095K [0x0000000080000000, 0x0000000100000000)
  region size 1024K, 2 young (2048K), 2 survivors (2048K)
 Metaspace       used 126142K, capacity 129590K, committed 129828K, reserved 1163264K
  class space    used 15570K, capacity 16762K, committed 16768K, reserved 1048576K
}
Event: 10458.969 GC heap before
{Heap before GC invocations=128 (full 0):
 garbage-first heap   total 231424K, used 117311K [0x0000000080000000, 0x0000000100000000)
  region size 1024K, 11 young (11264K), 2 survivors (2048K)
 Metaspace       used 126150K, capacity 129590K, committed 129828K, reserved 1163264K
  class space    used 15570K, capacity 16762K, committed 16768K, reserved 1048576K
}
Event: 10458.988 GC heap after
{Heap after GC invocations=129 (full 0):
 garbage-first heap   total 231424K, used 108857K [0x0000000080000000, 0x0000000100000000)
  region size 1024K, 2 young (2048K), 2 survivors (2048K)
 Metaspace       used 126150K, capacity 129590K, committed 129828K, reserved 1163264K
  class space    used 15570K, capacity 16762K, committed 16768K, reserved 1048576K
}
Event: 10462.384 GC heap before
{Heap before GC invocations=130 (full 0):
 garbage-first heap   total 231424K, used 117049K [0x0000000080000000, 0x0000000100000000)
  region size 1024K, 11 young (11264K), 2 survivors (2048K)
 Metaspace       used 126150K, capacity 129590K, committed 129828K, reserved 1163264K
  class space    used 15570K, capacity 16762K, committed 16768K, reserved 1048576K
}
Event: 10462.394 GC heap after
{Heap after GC invocations=131 (full 0):
 garbage-first heap   total 231424K, used 109231K [0x0000000080000000, 0x0000000100000000)
  region size 1024K, 2 young (2048K), 2 survivors (2048K)
 Metaspace       used 126150K, capacity 129590K, committed 129828K, reserved 1163264K
  class space    used 15570K, capacity 16762K, committed 16768K, reserved 1048576K
}
Event: 10463.081 GC heap before
{Heap before GC invocations=131 (full 0):
 garbage-first heap   total 231424K, used 119471K [0x0000000080000000, 0x0000000100000000)
  region size 1024K, 13 young (13312K), 2 survivors (2048K)
 Metaspace       used 126162K, capacity 129590K, committed 129828K, reserved 1163264K
  class space    used 15572K, capacity 16762K, committed 16768K, reserved 1048576K
}
Event: 10463.153 GC heap after
{Heap after GC invocations=132 (full 0):
 garbage-first heap   total 231424K, used 109395K [0x0000000080000000, 0x0000000100000000)
  region size 1024K, 1 young (1024K), 1 survivors (1024K)
 Metaspace       used 126162K, capacity 129590K, committed 129828K, reserved 1163264K
  class space    used 15572K, capacity 16762K, committed 16768K, reserved 1048576K
}
Event: 10464.230 GC heap before
{Heap before GC invocations=133 (full 0):
 garbage-first heap   total 231424K, used 120659K [0x0000000080000000, 0x0000000100000000)
  region size 1024K, 13 young (13312K), 1 survivors (1024K)
 Metaspace       used 126234K, capacity 129689K, committed 129956K, reserved 1163264K
  class space    used 15584K, capacity 16795K, committed 16896K, reserved 1048576K
}
Event: 10464.342 GC heap after
{Heap after GC invocations=134 (full 0):
 garbage-first heap   total 462848K, used 110085K [0x0000000080000000, 0x0000000100000000)
  region size 1024K, 2 young (2048K), 2 survivors (2048K)
 Metaspace       used 126234K, capacity 129689K, committed 129956K, reserved 1163264K
  class space    used 15584K, capacity 16795K, committed 16896K, reserved 1048576K
}
Event: 10465.804 GC heap before
{Heap before GC invocations=134 (full 0):
 garbage-first heap   total 462848K, used 129541K [0x0000000080000000, 0x0000000100000000)
  region size 1024K, 22 young (22528K), 2 survivors (2048K)
 Metaspace       used 126332K, capacity 129778K, committed 130212K, reserved 1163264K
  class space    used 15601K, capacity 16802K, committed 16896K, reserved 1048576K
}
Event: 10465.833 GC heap after
{Heap after GC invocations=135 (full 0):
 garbage-first heap   total 462848K, used 111186K [0x0000000080000000, 0x0000000100000000)
  region size 1024K, 3 young (3072K), 3 survivors (3072K)
 Metaspace       used 126332K, capacity 129778K, committed 130212K, reserved 1163264K
  class space    used 15601K, capacity 16802K, committed 16896K, reserved 1048576K
}
Event: 10468.665 GC heap before
{Heap before GC invocations=136 (full 0):
 garbage-first heap   total 462848K, used 130642K [0x0000000080000000, 0x0000000100000000)
  region size 1024K, 22 young (22528K), 3 survivors (3072K)
 Metaspace       used 127036K, capacity 130565K, committed 130852K, reserved 1163264K
  class space    used 15719K, capacity 16962K, committed 17024K, reserved 1048576K
}
Event: 10471.242 GC heap after
{Heap after GC invocations=137 (full 0):
 garbage-first heap   total 462848K, used 112441K [0x0000000080000000, 0x0000000100000000)
  region size 1024K, 3 young (3072K), 3 survivors (3072K)
 Metaspace       used 127036K, capacity 130565K, committed 130852K, reserved 1163264K
  class space    used 15719K, capacity 16962K, committed 17024K, reserved 1048576K
}
Event: 10471.532 GC heap before
{Heap before GC invocations=137 (full 0):
 garbage-first heap   total 462848K, used 116537K [0x0000000080000000, 0x0000000100000000)
  region size 1024K, 9 young (9216K), 3 survivors (3072K)
 Metaspace       used 127274K, capacity 130801K, committed 130852K, reserved 1163264K
  class space    used 15750K, capacity 16997K, committed 17024K, reserved 1048576K
}
Event: 10472.685 GC heap after
{Heap after GC invocations=138 (full 0):
 garbage-first heap   total 462848K, used 113299K [0x0000000080000000, 0x0000000100000000)
  region size 1024K, 3 young (3072K), 3 survivors (3072K)
 Metaspace       used 127274K, capacity 130801K, committed 130852K, reserved 1163264K
  class space    used 15750K, capacity 16997K, committed 17024K, reserved 1048576K
}
Event: 10510.590 GC heap before
{Heap before GC invocations=139 (full 0):
 garbage-first heap   total 462848K, used 133779K [0x0000000080000000, 0x0000000100000000)
  region size 1024K, 22 young (22528K), 3 survivors (3072K)
 Metaspace       used 128629K, capacity 132317K, committed 132644K, reserved 1165312K
  class space    used 15839K, capacity 17163K, committed 17280K, reserved 1048576K
}
Event: 10511.780 GC heap after
{Heap after GC invocations=140 (full 0):
 garbage-first heap   total 462848K, used 114296K [0x0000000080000000, 0x0000000100000000)
  region size 1024K, 2 young (2048K), 2 survivors (2048K)
 Metaspace       used 128629K, capacity 132317K, committed 132644K, reserved 1165312K
  class space    used 15839K, capacity 17163K, committed 17280K, reserved 1048576K
}
Event: 10513.485 GC heap before
{Heap before GC invocations=140 (full 0):
 garbage-first heap   total 462848K, used 134776K [0x0000000080000000, 0x0000000100000000)
  region size 1024K, 22 young (22528K), 2 survivors (2048K)
 Metaspace       used 128714K, capacity 132453K, committed 132644K, reserved 1165312K
  class space    used 15846K, capacity 17175K, committed 17280K, reserved 1048576K
}

